This is pdfTeX, Version 3.1415926-2.3-1.40.12 (MiKTeX 2.9) (preloaded format=pdflatex 2016.2.1)  1 FEB 2016 22:43
entering extended mode
**E:/a-study/QCF/2016Spring/FinancialDataAnalysis/hw1/report/bare_conf.tex
(E:/a-study/QCF/2016Spring/FinancialDataAnalysis/hw1/report/bare_conf.tex
LaTeX2e <2011/06/27>
Babel <v3.8m> and hyphenation patterns for loaded.
(E:\a-study\QCF\2016Spring\FinancialDataAnalysis\hw1\report\IEEEtran.cls
Document Class: IEEEtran 2015/08/26 V1.8b by Michael Shell
-- See the "IEEEtran_HOWTO" manual for usage information.
-- http://www.michaelshell.org/tex/ieeetran/
\@IEEEtrantmpdimenA=\dimen102
\@IEEEtrantmpdimenB=\dimen103
\@IEEEtrantmpdimenC=\dimen104
\@IEEEtrantmpcountA=\count79
\@IEEEtrantmpcountB=\count80
\@IEEEtrantmpcountC=\count81
\@IEEEtrantmptoksA=\toks14
LaTeX Font Info:    Try loading font information for OT1+ptm on input line 503.

("E:\Program Files (x86)\CTEX\MiKTeX\tex\latex\psnfss\ot1ptm.fd"
File: ot1ptm.fd 2001/06/04 font definitions for OT1/ptm.
)
-- Using 8.5in x 11in (letter) paper.
-- Using PDF output.
\@IEEEnormalsizeunitybaselineskip=\dimen105
-- This is an 11 point document.
\CLASSINFOnormalsizebaselineskip=\dimen106
\CLASSINFOnormalsizeunitybaselineskip=\dimen107
\IEEEnormaljot=\dimen108
LaTeX Font Info:    Font shape `OT1/ptm/bx/n' in size <6> not available
(Font)              Font shape `OT1/ptm/b/n' tried instead on input line 1090.
LaTeX Font Info:    Font shape `OT1/ptm/bx/it' in size <6> not available
(Font)              Font shape `OT1/ptm/b/it' tried instead on input line 1090.

LaTeX Font Info:    Font shape `OT1/ptm/bx/n' in size <8> not available
(Font)              Font shape `OT1/ptm/b/n' tried instead on input line 1090.
LaTeX Font Info:    Font shape `OT1/ptm/bx/it' in size <8> not available
(Font)              Font shape `OT1/ptm/b/it' tried instead on input line 1090.

LaTeX Font Info:    Font shape `OT1/ptm/bx/n' in size <9> not available
(Font)              Font shape `OT1/ptm/b/n' tried instead on input line 1090.
LaTeX Font Info:    Font shape `OT1/ptm/bx/it' in size <9> not available
(Font)              Font shape `OT1/ptm/b/it' tried instead on input line 1090.

LaTeX Font Info:    Font shape `OT1/ptm/bx/n' in size <10> not available
(Font)              Font shape `OT1/ptm/b/n' tried instead on input line 1090.
LaTeX Font Info:    Font shape `OT1/ptm/bx/it' in size <10> not available
(Font)              Font shape `OT1/ptm/b/it' tried instead on input line 1090.

LaTeX Font Info:    Font shape `OT1/ptm/bx/n' in size <11> not available
(Font)              Font shape `OT1/ptm/b/n' tried instead on input line 1090.
LaTeX Font Info:    Font shape `OT1/ptm/bx/it' in size <11> not available
(Font)              Font shape `OT1/ptm/b/it' tried instead on input line 1090.

LaTeX Font Info:    Font shape `OT1/ptm/bx/n' in size <12> not available
(Font)              Font shape `OT1/ptm/b/n' tried instead on input line 1090.
LaTeX Font Info:    Font shape `OT1/ptm/bx/it' in size <12> not available
(Font)              Font shape `OT1/ptm/b/it' tried instead on input line 1090.

LaTeX Font Info:    Font shape `OT1/ptm/bx/n' in size <17> not available
(Font)              Font shape `OT1/ptm/b/n' tried instead on input line 1090.
LaTeX Font Info:    Font shape `OT1/ptm/bx/it' in size <17> not available
(Font)              Font shape `OT1/ptm/b/it' tried instead on input line 1090.

LaTeX Font Info:    Font shape `OT1/ptm/bx/n' in size <20> not available
(Font)              Font shape `OT1/ptm/b/n' tried instead on input line 1090.
LaTeX Font Info:    Font shape `OT1/ptm/bx/it' in size <20> not available
(Font)              Font shape `OT1/ptm/b/it' tried instead on input line 1090.

LaTeX Font Info:    Font shape `OT1/ptm/bx/n' in size <24> not available
(Font)              Font shape `OT1/ptm/b/n' tried instead on input line 1090.
LaTeX Font Info:    Font shape `OT1/ptm/bx/it' in size <24> not available
(Font)              Font shape `OT1/ptm/b/it' tried instead on input line 1090.

\IEEEquantizedlength=\dimen109
\IEEEquantizedlengthdiff=\dimen110
\IEEEquantizedtextheightdiff=\dimen111
\IEEEilabelindentA=\dimen112
\IEEEilabelindentB=\dimen113
\IEEEilabelindent=\dimen114
\IEEEelabelindent=\dimen115
\IEEEdlabelindent=\dimen116
\IEEElabelindent=\dimen117
\IEEEiednormlabelsep=\dimen118
\IEEEiedmathlabelsep=\dimen119
\IEEEiedtopsep=\skip41
\c@section=\count82
\c@subsection=\count83
\c@subsubsection=\count84
\c@paragraph=\count85
\c@IEEEsubequation=\count86
\abovecaptionskip=\skip42
\belowcaptionskip=\skip43
\c@figure=\count87
\c@table=\count88
\@IEEEeqnnumcols=\count89
\@IEEEeqncolcnt=\count90
\@IEEEsubeqnnumrollback=\count91
\@IEEEquantizeheightA=\dimen120
\@IEEEquantizeheightB=\dimen121
\@IEEEquantizeheightC=\dimen122
\@IEEEquantizeprevdepth=\dimen123
\@IEEEquantizemultiple=\count92
\@IEEEquantizeboxA=\box26
\@IEEEtmpitemindent=\dimen124
\IEEEPARstartletwidth=\dimen125
\c@IEEEbiography=\count93
\@IEEEtranrubishbin=\box27
) ("E:\Program Files (x86)\CTEX\MiKTeX\tex\latex\graphics\graphicx.sty"
Package: graphicx 1999/02/16 v1.0f Enhanced LaTeX Graphics (DPC,SPQR)

("E:\Program Files (x86)\CTEX\MiKTeX\tex\latex\graphics\keyval.sty"
Package: keyval 1999/03/16 v1.13 key=value parser (DPC)
\KV@toks@=\toks15
)
("E:\Program Files (x86)\CTEX\MiKTeX\tex\latex\graphics\graphics.sty"
Package: graphics 2009/02/05 v1.0o Standard LaTeX Graphics (DPC,SPQR)

("E:\Program Files (x86)\CTEX\MiKTeX\tex\latex\graphics\trig.sty"
Package: trig 1999/03/16 v1.09 sin cos tan (DPC)
)
("E:\Program Files (x86)\CTEX\MiKTeX\tex\latex\00miktex\graphics.cfg"
File: graphics.cfg 2007/01/18 v1.5 graphics configuration of teTeX/TeXLive
)
Package graphics Info: Driver file: pdftex.def on input line 91.

("E:\Program Files (x86)\CTEX\MiKTeX\tex\latex\pdftex-def\pdftex.def"
File: pdftex.def 2011/05/27 v0.06d Graphics/color for pdfTeX

("E:\Program Files (x86)\CTEX\MiKTeX\tex\generic\oberdiek\infwarerr.sty"
Package: infwarerr 2010/04/08 v1.3 Providing info/warning/message (HO)
)
("E:\Program Files (x86)\CTEX\MiKTeX\tex\generic\oberdiek\ltxcmds.sty"
Package: ltxcmds 2011/04/18 v1.20 LaTeX kernel commands for general use (HO)
)
\Gread@gobject=\count94
))
\Gin@req@height=\dimen126
\Gin@req@width=\dimen127
)
(E:\a-study\QCF\2016Spring\FinancialDataAnalysis\hw1\report\bare_conf.aux)
LaTeX Font Info:    Checking defaults for OML/cmm/m/it on input line 315.
LaTeX Font Info:    ... okay on input line 315.
LaTeX Font Info:    Checking defaults for T1/cmr/m/n on input line 315.
LaTeX Font Info:    ... okay on input line 315.
LaTeX Font Info:    Checking defaults for OT1/cmr/m/n on input line 315.
LaTeX Font Info:    ... okay on input line 315.
LaTeX Font Info:    Checking defaults for OMS/cmsy/m/n on input line 315.
LaTeX Font Info:    ... okay on input line 315.
LaTeX Font Info:    Checking defaults for OMX/cmex/m/n on input line 315.
LaTeX Font Info:    ... okay on input line 315.
LaTeX Font Info:    Checking defaults for U/cmr/m/n on input line 315.
LaTeX Font Info:    ... okay on input line 315.

-- Lines per column: 50 (exact).
("E:\Program Files (x86)\CTEX\MiKTeX\tex\context\base\supp-pdf.mkii"
[Loading MPS to PDF converter (version 2006.09.02).]
\scratchcounter=\count95
\scratchdimen=\dimen128
\scratchbox=\box28
\nofMPsegments=\count96
\nofMParguments=\count97
\everyMPshowfont=\toks16
\MPscratchCnt=\count98
\MPscratchDim=\dimen129
\MPnumerator=\count99
\makeMPintoPDFobject=\count100
\everyMPtoPDFconversion=\toks17
)
LaTeX Font Info:    Calculating math sizes for size <11> on input line 451.
LaTeX Font Info:    External font `cmex10' loaded for size
(Font)              <11> on input line 451.
LaTeX Font Info:    External font `cmex10' loaded for size
(Font)              <7.69997> on input line 451.
LaTeX Font Info:    External font `cmex10' loaded for size
(Font)              <5.5> on input line 451.
LaTeX Font Info:    External font `cmex10' loaded for size
(Font)              <9> on input line 461.
LaTeX Font Info:    External font `cmex10' loaded for size
(Font)              <6> on input line 461.
LaTeX Font Info:    External font `cmex10' loaded for size
(Font)              <5> on input line 461.
Missing character: There is no â in font ptmr7t!
Missing character: There is no € in font ptmr7t!
Missing character: There is no ™ in font ptmr7t!
 [1{E:/Program Files (x86)/CTEX/UserData/pdftex/config/pdftex.map{Unicode.sfd}{
UGBK.sfd}}


]
LaTeX Font Info:    Try loading font information for OML+ptm on input line 500.

 ("E:\Program Files (x86)\CTEX\MiKTeX\tex\latex\psnfss\omlptm.fd"
File: omlptm.fd 
)
LaTeX Font Info:    Font shape `OML/ptm/m/n' in size <9> not available
(Font)              Font shape `OML/cmm/m/it' tried instead on input line 500.

<fig1.pdf, id=15, 478.78876pt x 477.785pt>
File: fig1.pdf Graphic file (type pdf)
 <use fig1.pdf>
Package pdftex.def Info: fig1.pdf used on input line 516.
(pdftex.def)             Requested size: 238.49121pt x 237.9879pt.


LaTeX Warning: `!h' float specifier changed to `!ht'.


Underfull \vbox (badness 10000) has occurred while \output is active []


Overfull \hbox (18.88936pt too wide) in paragraph at lines 563--564
[]\OT1/ptm/m/n/9 Investopedia. \OT1/ptm/m/it/9 http://www.investopedia.com/term
s/d/deadcatbounce.asp 
 []


Overfull \hbox (4.88464pt too wide) in paragraph at lines 569--570
[]\OT1/ptm/m/n/9 Linear Re-gres-sion. \OT1/ptm/m/it/9 http-s://en.wikipedia.org
/wiki/Linear[]regression 
 []

[2 <E:/a-study/QCF/2016Spring/FinancialDataAnalysis/hw1/report/fig1.pdf>]
<fig2.pdf, id=25, 478.78876pt x 477.785pt>
File: fig2.pdf Graphic file (type pdf)
 <use fig2.pdf>
Package pdftex.def Info: fig2.pdf used on input line 611.
(pdftex.def)             Requested size: 238.49121pt x 237.9879pt.
LaTeX Font Info:    Try loading font information for OMS+ptm on input line 618.


("E:\Program Files (x86)\CTEX\MiKTeX\tex\latex\psnfss\omsptm.fd"
File: omsptm.fd 
)
LaTeX Font Info:    Font shape `OMS/ptm/m/n' in size <11> not available
(Font)              Font shape `OMS/cmsy/m/n' tried instead on input line 618.

Underfull \hbox (badness 10000) in paragraph at lines 617--620
\OT1/ptm/m/n/11 cialDataAnalysis\OMS/cmsy/m/n/10.95 nn\OT1/ptm/m/n/11 hw1\OMS/c
msy/m/n/10.95 nn\OT1/ptm/m/n/11 w[]logret[]3automanu.csv",
 []


Underfull \hbox (badness 10000) in paragraph at lines 617--620

 []


Underfull \hbox (badness 10000) in paragraph at lines 621--623

 []


Underfull \hbox (badness 10000) in paragraph at lines 624--629

 []


Underfull \hbox (badness 10000) in paragraph at lines 630--636

 []


Underfull \hbox (badness 10000) in paragraph at lines 637--642

 []


** Conference Paper **
Before submitting the final camera ready copy, remember to:

 1. Manually equalize the lengths of two columns on the last page
 of your paper;

 2. Ensure that any PostScript and/or PDF output post-processing
 uses only Type 1 fonts and that every step in the generation
 process uses the appropriate paper size.

[3 <E:/a-study/QCF/2016Spring/FinancialDataAnalysis/hw1/report/fig2.pdf>]
(E:\a-study\QCF\2016Spring\FinancialDataAnalysis\hw1\report\bare_conf.aux) ) 
Here is how much of TeX's memory you used:
 2023 strings out of 495354
 32933 string characters out of 3182740
 89265 words of memory out of 3000000
 5207 multiletter control sequences out of 15000+200000
 41152 words of font info for 77 fonts, out of 3000000 for 9000
 17 hyphenation exceptions out of 8191
 27i,8n,21p,780b,244s stack positions out of 5000i,500n,10000p,200000b,50000s
{E:
/Program Files (x86)/CTEX/MiKTeX/fonts/enc/dvips/fontname/8r.enc}<E:/Program Fi
les (x86)/CTEX/MiKTeX/fonts/type1/public/amsfonts/cm/cmmi10.pfb><E:/Program Fil
es (x86)/CTEX/MiKTeX/fonts/type1/public/amsfonts/cm/cmmi8.pfb><E:/Program Files
 (x86)/CTEX/MiKTeX/fonts/type1/public/amsfonts/cm/cmmi9.pfb><E:/Program Files (
x86)/CTEX/MiKTeX/fonts/type1/public/amsfonts/cm/cmr10.pfb><E:/Program Files (x8
6)/CTEX/MiKTeX/fonts/type1/public/amsfonts/cm/cmr8.pfb><E:/Program Files (x86)/
CTEX/MiKTeX/fonts/type1/public/amsfonts/cm/cmsy10.pfb><E:/Program Files (x86)/C
TEX/MiKTeX/fonts/type1/public/amsfonts/cm/cmsy8.pfb><E:/Program Files (x86)/CTE
X/MiKTeX/fonts/type1/public/amsfonts/cm/cmsy9.pfb><E:/Program Files (x86)/CTEX/
MiKTeX/fonts/type1/urw/times/utmb8a.pfb><E:/Program Files (x86)/CTEX/MiKTeX/fon
ts/type1/urw/times/utmbi8a.pfb><E:/Program Files (x86)/CTEX/MiKTeX/fonts/type1/
urw/times/utmr8a.pfb><E:/Program Files (x86)/CTEX/MiKTeX/fonts/type1/urw/times/
utmri8a.pfb>
Output written on bare_conf.pdf (3 pages, 185597 bytes).
PDF statistics:
 71 PDF objects out of 1000 (max. 8388607)
 0 named destinations out of 1000 (max. 500000)
 11 words of extra memory for PDF output out of 10000 (max. 10000000)

